number,value,datetime_start,datetime_complete,duration,params_batch_size,params_current_dropout,params_current_hidden_size,params_current_n_layers,params_decoder_dropout,params_decoder_hidden_size,params_decoder_n_layers,params_lstm_dropout,params_lstm_hidden_size,params_lstm_n_layers,params_noam_factor,params_warmup_ratio,state
0,0.017789726285263895,2025-08-14 23:58:40.357200,2025-08-15 00:02:38.055267,0 days 00:03:57.698067,16,0.4,96,3,0.2,128,6,0.1,48,2,0.7,0.1,COMPLETE
1,0.013271523903434477,2025-08-15 00:02:38.068925,2025-08-15 00:08:09.261234,0 days 00:05:31.192309,8,0.2,96,5,0.30000000000000004,48,5,0.1,128,2,1.3,0.2,COMPLETE
2,0.10026909930941959,2025-08-15 00:08:09.272234,2025-08-15 00:11:06.266274,0 days 00:02:56.994040,8,0.1,96,2,0.4,96,3,0.1,32,2,1.8,0.25,COMPLETE
3,0.09721790387760847,2025-08-15 00:11:06.278271,2025-08-15 00:18:57.347012,0 days 00:07:51.068741,4,0.1,64,4,0.5,96,2,0.2,64,2,0.6,0.05,COMPLETE
4,0.016138640870340167,2025-08-15 00:18:57.368849,2025-08-15 00:25:46.734547,0 days 00:06:49.365698,4,0.2,96,2,0.2,48,6,0.2,32,2,1.1,0.25,COMPLETE
5,0.022286783251911402,2025-08-15 00:25:46.758441,2025-08-15 00:32:36.814251,0 days 00:06:50.055810,8,0.6,64,3,0.2,64,4,0.30000000000000004,128,3,0.8,0.05,COMPLETE
6,0.019290258269757034,2025-08-15 00:32:36.835223,2025-08-15 00:44:06.451333,0 days 00:11:29.616110,8,0.5,32,2,0.4,64,2,0.4,48,5,1.1,0.3,COMPLETE
7,0.015517079108394682,2025-08-15 00:44:06.473997,2025-08-15 00:48:43.690467,0 days 00:04:37.216470,16,0.1,48,2,0.30000000000000004,96,3,0.30000000000000004,32,4,1.9000000000000001,0.2,COMPLETE
8,0.01808680420120557,2025-08-15 00:48:43.712814,2025-08-15 00:55:24.761843,0 days 00:06:41.049029,8,0.6,128,3,0.4,128,5,0.4,96,3,1.5,0.25,COMPLETE
9,0.019159222443122417,2025-08-15 00:55:24.772984,2025-08-15 01:00:54.545035,0 days 00:05:29.772051,4,0.2,32,3,0.6,32,4,0.5,48,2,1.3,0.3,COMPLETE
10,0.0195439419709146,2025-08-15 01:00:54.556528,2025-08-15 01:10:58.834508,0 days 00:10:04.277980,8,0.30000000000000004,48,6,0.1,48,5,0.2,128,5,1.6,0.15000000000000002,COMPLETE
11,0.0645367197226733,2025-08-15 01:10:58.858665,2025-08-15 01:17:45.513198,0 days 00:06:46.654533,16,0.2,48,6,0.30000000000000004,48,3,0.30000000000000004,32,6,2.0,0.2,COMPLETE
12,0.017887856555171312,2025-08-15 01:17:45.536029,2025-08-15 01:25:14.651174,0 days 00:07:29.115145,16,0.30000000000000004,48,5,0.30000000000000004,96,3,0.4,128,4,2.0,0.15000000000000002,COMPLETE
13,0.14483475300949067,2025-08-15 01:25:14.672733,2025-08-15 01:28:48.174180,0 days 00:03:33.501447,16,0.1,128,5,0.30000000000000004,32,5,0.1,96,4,1.6,0.2,COMPLETE
14,0.01808343515731394,2025-08-15 01:28:48.197843,2025-08-15 01:32:34.260315,0 days 00:03:46.062472,16,0.2,48,5,0.1,96,4,0.30000000000000004,64,3,1.3,0.2,COMPLETE
15,0.06190768654147784,2025-08-15 01:32:34.283784,2025-08-15 01:43:23.128180,0 days 00:10:48.844396,8,0.4,96,4,0.5,48,3,0.2,128,5,0.9,0.15000000000000002,COMPLETE
16,0.017642226722091436,2025-08-15 01:43:23.141146,2025-08-15 01:50:34.717491,0 days 00:07:11.576345,16,0.1,48,4,0.2,48,4,0.5,32,6,1.7000000000000002,0.1,COMPLETE
17,0.10820740438066423,2025-08-15 01:50:34.740556,2025-08-15 01:54:19.016822,0 days 00:03:44.276266,16,0.30000000000000004,96,5,0.5,96,5,0.4,128,3,1.4,0.25,COMPLETE
18,0.1124830584662656,2025-08-15 01:54:19.041709,2025-08-15 02:00:23.961126,0 days 00:06:04.919417,8,0.2,128,6,0.30000000000000004,32,6,0.2,32,4,1.8,0.2,COMPLETE
19,0.01606326621491462,2025-08-15 02:00:23.971494,2025-08-15 02:17:08.096160,0 days 00:16:44.124666,4,0.1,64,5,0.4,64,2,0.30000000000000004,96,5,1.1,0.1,COMPLETE
20,0.020864176237955688,2025-08-15 02:17:08.108751,2025-08-15 02:21:49.282052,0 days 00:04:41.173301,16,0.30000000000000004,32,4,0.6,128,4,0.1,64,3,0.9,0.15000000000000002,COMPLETE
21,0.0851435717381537,2025-08-15 02:21:49.304739,2025-08-15 02:35:03.288307,0 days 00:13:13.983568,4,0.1,64,5,0.4,64,2,0.30000000000000004,96,5,1.1,0.1,COMPLETE
22,0.08665914403274655,2025-08-15 02:35:03.300444,2025-08-15 02:47:50.557483,0 days 00:12:47.257039,4,0.1,64,5,0.30000000000000004,64,2,0.30000000000000004,96,6,1.0,0.1,COMPLETE
23,0.017953954569529744,2025-08-15 02:47:50.582524,2025-08-15 03:02:24.615861,0 days 00:14:34.033337,4,0.2,64,6,0.4,64,3,0.4,96,5,0.5,0.2,COMPLETE
24,0.8355617438070476,2025-08-15 03:02:24.640275,2025-08-15 03:11:26.462114,0 days 00:09:01.821839,4,0.1,64,4,0.5,64,2,0.2,96,4,1.2000000000000002,0.15000000000000002,COMPLETE
25,0.018878110337536783,2025-08-15 03:11:26.475398,2025-08-15 03:21:04.586072,0 days 00:09:38.110674,4,0.2,48,5,0.30000000000000004,48,3,0.30000000000000004,128,4,1.4,0.05,COMPLETE
26,0.10912253304074207,2025-08-15 03:21:04.608768,2025-08-15 03:27:20.430419,0 days 00:06:15.821651,8,0.1,96,6,0.2,96,2,0.30000000000000004,32,5,1.9000000000000001,0.25,COMPLETE
27,0.10324627803638578,2025-08-15 03:27:20.453148,2025-08-15 03:33:59.255797,0 days 00:06:38.802649,16,0.2,64,5,0.4,96,5,0.2,32,6,1.5,0.2,COMPLETE
28,0.016578420360262195,2025-08-15 03:33:59.279905,2025-08-15 03:39:57.369908,0 days 00:05:58.090003,8,0.1,48,3,0.30000000000000004,48,3,0.4,96,3,1.2000000000000002,0.1,COMPLETE
29,0.020964401243254542,2025-08-15 03:39:57.383451,2025-08-15 03:53:03.609769,0 days 00:13:06.226318,4,0.5,96,2,0.1,128,6,0.1,48,4,0.7,0.15000000000000002,COMPLETE
30,0.017952631739899517,2025-08-15 03:53:03.633094,2025-08-15 04:01:17.175902,0 days 00:08:13.542808,16,0.4,96,4,0.2,64,2,0.5,128,5,0.9,0.2,COMPLETE
31,0.013895663098664954,2025-08-15 04:01:17.200067,2025-08-15 04:07:48.888380,0 days 00:06:31.688313,4,0.2,96,2,0.2,48,6,0.2,32,2,1.1,0.25,COMPLETE
32,0.017468682387843725,2025-08-15 04:07:48.900228,2025-08-15 04:13:10.357234,0 days 00:05:21.457006,4,0.2,96,2,0.2,48,6,0.1,32,2,1.0,0.25,COMPLETE
33,0.013668129215948285,2025-08-15 04:13:10.381736,2025-08-15 04:20:25.583586,0 days 00:07:15.201850,4,0.1,96,2,0.30000000000000004,48,5,0.1,32,2,0.7,0.3,COMPLETE
34,0.016438611187040805,2025-08-15 04:20:25.595429,2025-08-15 04:28:14.037098,0 days 00:07:48.441669,4,0.30000000000000004,96,2,0.30000000000000004,48,6,0.1,32,2,0.5,0.3,COMPLETE
35,0.011897485381923614,2025-08-15 04:28:14.049060,2025-08-15 04:37:03.034076,0 days 00:08:48.985016,4,0.1,96,2,0.2,48,5,0.1,32,2,0.7,0.25,COMPLETE
36,0.015547786466777324,2025-08-15 04:37:03.056428,2025-08-15 04:43:07.189117,0 days 00:06:04.132689,4,0.2,96,3,0.2,48,5,0.1,32,2,0.7,0.3,COMPLETE
37,0.01642420089803636,2025-08-15 04:43:07.199490,2025-08-15 04:49:02.652874,0 days 00:05:55.453384,4,0.1,96,2,0.1,48,5,0.1,32,2,0.6,0.25,COMPLETE
38,0.016273473165929316,2025-08-15 04:49:02.676471,2025-08-15 04:57:35.079303,0 days 00:08:32.402832,4,0.4,96,2,0.2,48,6,0.1,32,2,0.7,0.3,COMPLETE
39,0.013313579633831975,2025-08-15 04:57:35.104344,2025-08-15 05:05:52.422508,0 days 00:08:17.318164,4,0.1,96,2,0.2,48,5,0.2,64,2,0.8,0.25,COMPLETE
40,0.013134316370512048,2025-08-15 05:05:52.435343,2025-08-15 05:10:11.763887,0 days 00:04:19.328544,8,0.1,96,3,0.1,48,5,0.1,64,2,0.8,0.3,COMPLETE
41,0.01391432792879641,2025-08-15 05:10:11.776005,2025-08-15 05:14:15.416771,0 days 00:04:03.640766,8,0.1,96,3,0.1,48,5,0.1,64,2,0.8,0.3,COMPLETE
42,0.015370316314511,2025-08-15 05:14:15.431016,2025-08-15 05:19:13.689646,0 days 00:04:58.258630,8,0.1,96,3,0.1,48,5,0.1,64,2,0.6,0.3,COMPLETE
43,0.013453163773131865,2025-08-15 05:19:13.709338,2025-08-15 05:27:14.229373,0 days 00:08:00.520035,8,0.1,96,2,0.1,48,5,0.2,64,3,0.8,0.25,COMPLETE
44,0.013172442962725957,2025-08-15 05:27:14.252975,2025-08-15 05:34:33.200975,0 days 00:07:18.948000,8,0.1,96,3,0.1,48,5,0.2,64,3,0.8,0.25,COMPLETE
45,0.020263344515115023,2025-08-15 05:34:33.222503,2025-08-15 05:40:27.991790,0 days 00:05:54.769287,8,0.1,32,3,0.1,48,5,0.2,64,3,0.6,0.25,COMPLETE
46,0.01448279993298153,2025-08-15 05:40:28.014995,2025-08-15 05:48:14.425591,0 days 00:07:46.410596,8,0.2,96,3,0.2,32,4,0.2,64,3,0.8,0.25,COMPLETE
47,0.016966175644968946,2025-08-15 05:48:14.437125,2025-08-15 05:52:22.750722,0 days 00:04:08.313597,8,0.5,128,3,0.1,48,4,0.1,64,2,1.0,0.25,COMPLETE
48,0.013906529064600664,2025-08-15 05:52:22.773249,2025-08-15 05:56:22.012597,0 days 00:03:59.239348,8,0.1,96,3,0.2,128,5,0.2,64,2,0.9,0.25,COMPLETE
49,0.015458783491825062,2025-08-15 05:56:22.024644,2025-08-15 06:00:30.096055,0 days 00:04:08.071411,8,0.1,96,4,0.1,48,5,0.1,48,2,0.8,0.3,COMPLETE
50,0.012818170664831995,2025-08-15 06:00:30.117581,2025-08-15 06:07:10.120419,0 days 00:06:40.002838,8,0.2,96,2,0.2,48,4,0.2,64,3,1.3,0.2,COMPLETE
51,0.013631230980778734,2025-08-15 06:07:10.145468,2025-08-15 06:12:55.124456,0 days 00:05:44.978988,8,0.2,96,2,0.2,48,4,0.2,64,3,1.4,0.2,COMPLETE
52,0.014633241357902685,2025-08-15 06:12:55.145955,2025-08-15 06:19:31.163204,0 days 00:06:36.017249,8,0.30000000000000004,96,2,0.2,48,5,0.2,64,3,1.3,0.2,COMPLETE
53,0.01138197823893279,2025-08-15 06:19:31.186591,2025-08-15 06:24:31.850024,0 days 00:05:00.663433,8,0.1,96,2,0.1,48,4,0.1,64,2,1.2000000000000002,0.2,COMPLETE
54,0.015485675741607943,2025-08-15 06:24:31.862222,2025-08-15 06:29:32.075212,0 days 00:05:00.212990,8,0.2,32,2,0.1,48,4,0.1,64,2,1.5,0.2,COMPLETE
55,0.014774994210650524,2025-08-15 06:29:32.086701,2025-08-15 06:37:47.827373,0 days 00:08:15.740672,8,0.2,128,3,0.1,32,4,0.1,128,3,1.2000000000000002,0.2,COMPLETE
56,0.011935985771318276,2025-08-15 06:37:47.850527,2025-08-15 06:45:10.162343,0 days 00:07:22.311816,8,0.1,96,2,0.1,48,4,0.1,64,3,1.3,0.2,COMPLETE
57,0.012856064185810586,2025-08-15 06:45:10.173386,2025-08-15 06:52:33.813052,0 days 00:07:23.639666,8,0.1,96,2,0.1,48,4,0.1,64,3,1.3,0.15000000000000002,COMPLETE
58,0.014954145966718593,2025-08-15 06:52:33.836535,2025-08-15 06:58:06.497622,0 days 00:05:32.661087,8,0.1,96,2,0.1,48,4,0.1,64,3,1.3,0.15000000000000002,COMPLETE
59,0.06309383545691769,2025-08-15 06:58:06.520658,2025-08-15 07:03:32.350127,0 days 00:05:25.829469,8,0.1,96,2,0.1,48,4,0.1,64,3,1.4,0.15000000000000002,COMPLETE
60,0.012803436086202661,2025-08-15 07:03:32.361483,2025-08-15 07:09:52.540078,0 days 00:06:20.178595,8,0.1,96,2,0.1,128,4,0.1,64,3,1.6,0.15000000000000002,COMPLETE
61,0.01464905481940756,2025-08-15 07:09:52.563648,2025-08-15 07:15:46.564412,0 days 00:05:54.000764,8,0.1,96,2,0.1,128,4,0.1,64,3,1.2000000000000002,0.15000000000000002,COMPLETE
62,0.012233544886112214,2025-08-15 07:15:46.585063,2025-08-15 07:24:33.084797,0 days 00:08:46.499734,8,0.1,96,2,0.1,128,4,0.1,64,4,1.6,0.15000000000000002,COMPLETE
63,0.059163835000557184,2025-08-15 07:24:33.108437,2025-08-15 07:32:52.108367,0 days 00:08:18.999930,8,0.1,96,2,0.1,128,4,0.1,64,4,1.6,0.15000000000000002,COMPLETE
64,0.011601931547435622,2025-08-15 07:32:52.128359,2025-08-15 07:42:49.273887,0 days 00:09:57.145528,8,0.1,96,2,0.1,128,4,0.1,64,4,1.7000000000000002,0.15000000000000002,COMPLETE
65,0.013730458728969098,2025-08-15 07:42:49.296956,2025-08-15 07:51:04.340243,0 days 00:08:15.043287,8,0.1,32,2,0.1,128,3,0.1,48,4,1.8,0.15000000000000002,COMPLETE
66,0.010621962688552837,2025-08-15 07:51:04.351765,2025-08-15 08:00:44.886002,0 days 00:09:40.534237,8,0.1,96,2,0.1,128,4,0.1,64,4,1.7000000000000002,0.2,COMPLETE
67,0.01288709850050509,2025-08-15 08:00:44.906607,2025-08-15 08:07:59.546932,0 days 00:07:14.640325,8,0.1,128,2,0.1,128,3,0.1,64,4,1.7000000000000002,0.15000000000000002,COMPLETE
68,0.013642222061753273,2025-08-15 08:07:59.567723,2025-08-15 08:13:58.735993,0 days 00:05:59.168270,8,0.1,96,2,0.1,128,4,0.1,64,4,1.7000000000000002,0.2,COMPLETE
69,0.10975708654150369,2025-08-15 08:13:58.758304,2025-08-15 08:19:50.163136,0 days 00:05:51.404832,8,0.1,96,2,0.1,128,4,0.1,64,4,1.7000000000000002,0.1,COMPLETE
70,0.013307393140469989,2025-08-15 08:19:50.184234,2025-08-15 08:27:57.935515,0 days 00:08:07.751281,8,0.1,48,2,0.1,128,4,0.1,64,4,1.8,0.15000000000000002,COMPLETE
71,0.013498663809150458,2025-08-15 08:27:57.958411,2025-08-15 08:35:31.203729,0 days 00:07:33.245318,8,0.2,96,2,0.2,128,4,0.1,64,4,1.5,0.2,COMPLETE
72,0.010547189003167054,2025-08-15 08:35:31.228268,2025-08-15 08:44:25.537823,0 days 00:08:54.309555,8,0.1,96,2,0.1,128,4,0.1,64,4,1.6,0.2,COMPLETE
73,0.014514857965211075,2025-08-15 08:44:25.561262,2025-08-15 08:49:50.208478,0 days 00:05:24.647216,8,0.1,96,2,0.1,128,4,0.1,64,4,1.6,0.2,COMPLETE
74,0.012575166369788348,2025-08-15 08:49:50.228205,2025-08-15 08:58:31.260326,0 days 00:08:41.032121,8,0.1,96,2,0.1,128,4,0.1,64,4,1.9000000000000001,0.2,COMPLETE
75,0.02037887931801379,2025-08-15 08:58:31.282863,2025-08-15 09:05:11.325601,0 days 00:06:40.042738,8,0.6,96,2,0.1,128,3,0.1,48,4,1.9000000000000001,0.2,COMPLETE
76,0.012373665301129221,2025-08-15 09:05:11.347714,2025-08-15 09:12:41.566080,0 days 00:07:30.218366,16,0.1,96,2,0.1,128,4,0.1,64,5,2.0,0.2,COMPLETE
77,0.015298084658570587,2025-08-15 09:12:41.586238,2025-08-15 09:18:52.426305,0 days 00:06:10.840067,16,0.1,64,2,0.1,128,4,0.1,64,5,2.0,0.2,COMPLETE
78,0.014772387128323317,2025-08-15 09:18:52.448628,2025-08-15 09:23:56.962222,0 days 00:05:04.513594,16,0.1,96,2,0.1,128,4,0.1,64,4,1.8,0.2,COMPLETE
79,0.01905169837991707,2025-08-15 09:23:56.977011,2025-08-15 09:29:16.743521,0 days 00:05:19.766510,16,0.1,96,2,0.1,128,3,0.1,64,5,1.5,0.2,COMPLETE
80,0.014288669312372803,2025-08-15 09:29:16.765636,2025-08-15 09:35:16.425204,0 days 00:05:59.659568,16,0.1,96,2,0.2,96,4,0.1,96,5,1.7000000000000002,0.15000000000000002,COMPLETE
81,0.014093114028219134,2025-08-15 09:35:16.446735,2025-08-15 09:40:02.281079,0 days 00:04:45.834344,16,0.1,96,2,0.1,128,4,0.1,64,4,1.9000000000000001,0.2,COMPLETE
82,0.011374768801033497,2025-08-15 09:40:02.301721,2025-08-15 09:47:33.409642,0 days 00:07:31.107921,8,0.1,96,2,0.1,128,4,0.1,64,4,2.0,0.2,COMPLETE
83,0.06266484833322464,2025-08-15 09:47:33.430330,2025-08-15 09:55:23.164834,0 days 00:07:49.734504,8,0.1,96,2,0.1,128,4,0.1,64,6,2.0,0.2,COMPLETE
84,0.011939017754048108,2025-08-15 09:55:23.186339,2025-08-15 10:03:57.105320,0 days 00:08:33.918981,8,0.1,96,2,0.1,128,4,0.1,64,4,2.0,0.2,COMPLETE
85,0.014146953588351607,2025-08-15 10:03:57.127845,2025-08-15 10:11:04.396794,0 days 00:07:07.268949,8,0.1,96,2,0.1,128,4,0.1,64,4,1.9000000000000001,0.2,COMPLETE
86,0.016963156654189033,2025-08-15 10:11:04.410701,2025-08-15 10:20:02.342297,0 days 00:08:57.931596,8,0.1,48,2,0.6,32,4,0.1,128,4,1.6,0.2,COMPLETE
87,0.01485397630992035,2025-08-15 10:20:02.364345,2025-08-15 10:26:07.273034,0 days 00:06:04.908689,8,0.2,96,2,0.1,128,4,0.1,32,4,1.8,0.15000000000000002,COMPLETE
88,0.013605158496648073,2025-08-15 10:26:07.292831,2025-08-15 10:33:54.137042,0 days 00:07:46.844211,8,0.1,32,2,0.2,64,4,0.1,64,4,1.4,0.2,COMPLETE
89,0.012093962193466722,2025-08-15 10:33:54.157724,2025-08-15 10:42:01.331617,0 days 00:08:07.173893,8,0.1,96,2,0.1,128,3,0.5,64,4,1.7000000000000002,0.25,COMPLETE
90,0.01420053243637085,2025-08-15 10:42:01.353760,2025-08-15 10:48:45.609368,0 days 00:06:44.255608,8,0.2,128,2,0.1,96,3,0.5,32,4,1.7000000000000002,0.25,COMPLETE
91,0.012748596700839701,2025-08-15 10:48:45.632232,2025-08-15 10:57:44.533363,0 days 00:08:58.901131,8,0.1,96,2,0.1,128,3,0.4,64,4,1.5,0.25,COMPLETE
92,0.013020503940060735,2025-08-15 10:57:44.555250,2025-08-15 11:07:07.244950,0 days 00:09:22.689700,8,0.1,96,2,0.1,128,3,0.5,64,4,1.6,0.25,COMPLETE
93,0.012416517579307158,2025-08-15 11:07:07.266572,2025-08-15 11:15:48.440644,0 days 00:08:41.174072,8,0.1,96,2,0.1,128,4,0.1,64,4,1.8,0.25,COMPLETE
94,0.011580020546292267,2025-08-15 11:15:48.462190,2025-08-15 11:23:56.563130,0 days 00:08:08.100940,8,0.1,96,2,0.1,128,4,0.30000000000000004,64,4,1.7000000000000002,0.2,COMPLETE
95,0.01844159682746977,2025-08-15 11:23:56.574836,2025-08-15 11:36:12.622190,0 days 00:12:16.047354,4,0.5,96,2,0.1,128,3,0.4,64,4,1.8,0.2,COMPLETE
96,0.05278309253044426,2025-08-15 11:36:12.632380,2025-08-15 11:43:20.189475,0 days 00:07:07.557095,8,0.1,64,2,0.1,128,4,0.30000000000000004,48,4,1.9000000000000001,0.2,COMPLETE
97,0.19309392366558314,2025-08-15 11:43:20.200052,2025-08-15 11:48:11.182650,0 days 00:04:50.982598,8,0.1,96,3,0.5,128,4,0.5,64,4,1.7000000000000002,0.2,COMPLETE
98,0.012334920551317434,2025-08-15 11:48:11.203569,2025-08-15 11:56:44.993241,0 days 00:08:33.789672,8,0.1,96,2,0.2,32,4,0.4,96,4,2.0,0.25,COMPLETE
99,0.015467065681392948,2025-08-15 11:56:45.015794,2025-08-15 12:02:09.561637,0 days 00:05:24.545843,8,0.1,96,2,0.1,128,4,0.30000000000000004,64,4,1.1,0.2,COMPLETE
100,0.015156548772938549,2025-08-15 12:02:09.584169,2025-08-15 12:14:01.857009,0 days 00:11:52.272840,4,0.2,96,2,0.1,64,5,0.2,64,4,1.7000000000000002,0.2,COMPLETE
101,0.1054177845440184,2025-08-15 12:14:01.879021,2025-08-15 12:21:08.636115,0 days 00:07:06.757094,8,0.1,96,2,0.1,128,4,0.1,64,4,1.6,0.15000000000000002,COMPLETE
102,,2025-08-15 12:21:08.646542,2025-08-15 12:21:10.462093,0 days 00:00:01.815551,8,0.1,96,2,0.1,128,4,0.1,64,4,1.7000000000000002,0.15000000000000002,FAIL
